[0.789s] Invoking command in '/home/danya-ahmed/ros1_ws/src/my_python_pkg': DEBUGINFOD_URLS=https://debuginfod.ubuntu.com PYTHONPATH=/home/danya-ahmed/ros1_ws/src/my_python_pkg/build/my_python_pkg/prefix_override:/usr/lib/python3/dist-packages/colcon_core/task/python/colcon_distutils_commands:/home/danya-ahmed/ros1_ws/src/my_python_pkg/install/my_python_pkg/lib/python3.12/site-packages:${PYTHONPATH} /usr/bin/python3 -W ignore:setup.py install is deprecated setup.py egg_info --egg-base build/my_python_pkg build --build-base /home/danya-ahmed/ros1_ws/src/my_python_pkg/build/my_python_pkg/build install --record /home/danya-ahmed/ros1_ws/src/my_python_pkg/build/my_python_pkg/install.log --single-version-externally-managed install_data
[1.060s] running egg_info
[1.077s] writing build/my_python_pkg/my_python_pkg.egg-info/PKG-INFO
[1.077s] writing dependency_links to build/my_python_pkg/my_python_pkg.egg-info/dependency_links.txt
[1.077s] writing entry points to build/my_python_pkg/my_python_pkg.egg-info/entry_points.txt
[1.077s] writing requirements to build/my_python_pkg/my_python_pkg.egg-info/requires.txt
[1.077s] writing top-level names to build/my_python_pkg/my_python_pkg.egg-info/top_level.txt
[1.113s] reading manifest file 'build/my_python_pkg/my_python_pkg.egg-info/SOURCES.txt'
[1.114s] writing manifest file 'build/my_python_pkg/my_python_pkg.egg-info/SOURCES.txt'
[1.114s] running build
[1.114s] running build_py
[1.114s] running install
[1.121s] running install_lib
[1.140s] running install_data
[1.140s] running install_egg_info
[1.159s] removing '/home/danya-ahmed/ros1_ws/src/my_python_pkg/install/my_python_pkg/lib/python3.12/site-packages/my_python_pkg-0.0.0-py3.12.egg-info' (and everything under it)
[1.160s] Copying build/my_python_pkg/my_python_pkg.egg-info to /home/danya-ahmed/ros1_ws/src/my_python_pkg/install/my_python_pkg/lib/python3.12/site-packages/my_python_pkg-0.0.0-py3.12.egg-info
[1.160s] running install_scripts
[1.282s] Installing Task5_1 script to /home/danya-ahmed/ros1_ws/src/my_python_pkg/install/my_python_pkg/lib/my_python_pkg
[1.283s] writing list of installed files to '/home/danya-ahmed/ros1_ws/src/my_python_pkg/build/my_python_pkg/install.log'
[1.306s] Invoked command in '/home/danya-ahmed/ros1_ws/src/my_python_pkg' returned '0': DEBUGINFOD_URLS=https://debuginfod.ubuntu.com PYTHONPATH=/home/danya-ahmed/ros1_ws/src/my_python_pkg/build/my_python_pkg/prefix_override:/usr/lib/python3/dist-packages/colcon_core/task/python/colcon_distutils_commands:/home/danya-ahmed/ros1_ws/src/my_python_pkg/install/my_python_pkg/lib/python3.12/site-packages:${PYTHONPATH} /usr/bin/python3 -W ignore:setup.py install is deprecated setup.py egg_info --egg-base build/my_python_pkg build --build-base /home/danya-ahmed/ros1_ws/src/my_python_pkg/build/my_python_pkg/build install --record /home/danya-ahmed/ros1_ws/src/my_python_pkg/build/my_python_pkg/install.log --single-version-externally-managed install_data
